<?xml version="1.0" encoding="UTF-8" ?>
<testsuites>
  <testsuite errors="1" failures="0" hostname="p18.arquivo.pt" id="0" name="TestSuite" package="pt.fccn.sobre.arquivo.suite" tests="1" time="0.136" timestamp="2017-06-26T16:44:03">
      <properties>
[...]
</properties>

      <testcase classname="pt.fccn.sobre.arquivo.tests.CommonQuestionsTest" name="initializationError" time="0.005">
          <error message="org/openqa/selenium/Capabilities : Unsupported major.minor version 51.0" type="java.lang.UnsupportedClassVersionError">java.lang.UnsupportedClassVersionError: org/openqa/selenium/Capabilities : Unsupported major.minor version 51.0
	at java.lang.ClassLoader.defineClass1(Native Method)
	at java.lang.ClassLoader.defineClass(ClassLoader.java:648)
	at java.lang.ClassLoader.loadClass(ClassLoader.java:270)
	at java.lang.Class.getDeclaredConstructors0(Native Method)
	at java.lang.Class.privateGetDeclaredConstructors(Class.java:2545)
	at java.lang.Class.getConstructors(Class.java:1519)
	at com.saucelabs.junit.ConcurrentParameterized.&lt;init&gt;(ConcurrentParameterized.java:90)
	at java.lang.reflect.Constructor.newInstance(Constructor.java:534)
	at java.lang.reflect.Constructor.newInstance(Constructor.java:534)
	at java.lang.reflect.Constructor.newInstance(Constructor.java:534)
</error>

      </testcase>

      <system-out />

      <system-err />

  </testsuite>
</testsuites>
